<?xml version="1.0" encoding="UTF-8"?>
<!-- Generated by org.testng.reporters.JUnitXMLReporter -->
<testsuite hostname="DESKTOP-DJQ94NE" name="adminTest" tests="4" failures="0" timestamp="10 Nov 2022 03:25:07 GMT" time="14.925" errors="0">
  <testcase name="LoginTest" time="2.479" classname="com.OrangeHRM.TestNG_TestCase6"/>
  <testcase name="orangeHRMAdminTest" time="0.232" classname="com.OrangeHRM.TestNG_TestCase6"/>
  <testcase name="orangeHRMAdminUserManagementTest" time="1.25" classname="com.OrangeHRM.TestNG_TestCase6"/>
  <testcase name="systemUsersResultsTableTest" time="1.935" classname="com.OrangeHRM.TestNG_TestCase6"/>
</testsuite> <!-- adminTest -->
